This is pdfTeX, Version 3.14159265-2.6-1.40.20 (TeX Live 2019/Debian) (preloaded format=pdflatex 2022.9.21)  9 JAN 2023 12:46
entering extended mode
 restricted \write18 enabled.
 %&-line parsing enabled.
**refman
(./refman.tex
LaTeX2e <2020-02-02> patch level 2
L3 programming layer <2020-02-14>
(/usr/share/texlive/texmf-dist/tex/latex/base/book.cls
Document Class: book 2019/12/20 v1.4l Standard LaTeX document class
(/usr/share/texlive/texmf-dist/tex/latex/base/bk10.clo
File: bk10.clo 2019/12/20 v1.4l Standard LaTeX file (size option)
)
\c@part=\count167
\c@chapter=\count168
\c@section=\count169
\c@subsection=\count170
\c@subsubsection=\count171
\c@paragraph=\count172
\c@subparagraph=\count173
\c@figure=\count174
\c@table=\count175
\abovecaptionskip=\skip47
\belowcaptionskip=\skip48
\bibindent=\dimen134
)
(/usr/share/texlive/texmf-dist/tex/latex/base/ifthen.sty
Package: ifthen 2014/09/29 v1.1c Standard LaTeX ifthen package (DPC)
)
(/usr/share/texlive/texmf-dist/tex/latex/tools/array.sty
Rollback for package 'array' requested -> date 2016-10-06.
         Best approximation is the release introduced on 2016-10-06.

(/usr/share/texlive/texmf-dist/tex/latex/tools/array-2016-10-06.sty
Package: array 2016/10/06 v2.4d Tabular extension package (FMi)
\col@sep=\dimen135
\extrarowheight=\dimen136
\NC@list=\toks14
\extratabsurround=\skip49
\backup@length=\skip50
))
(/usr/share/texlive/texmf-dist/tex/latex/base/fixltx2e.sty
Package: fixltx2e 2016/12/29 v2.1a fixes to LaTeX (obsolete)
Applying: [2015/01/01] Old fixltx2e package on input line 46.


Package fixltx2e Warning: fixltx2e is not required with releases after 2015
(fixltx2e)                All fixes are now in the LaTeX kernel.
(fixltx2e)                See the latexrelease package for details.

Already applied: [0000/00/00] Old fixltx2e package on input line 53.
) (/usr/share/texlive/texmf-dist/tex/latex/tools/calc.sty
Package: calc 2017/05/25 v4.3 Infix arithmetic (KKT,FJ)
\calc@Acount=\count176
\calc@Bcount=\count177
\calc@Adimen=\dimen137
\calc@Bdimen=\dimen138
\calc@Askip=\skip51
\calc@Bskip=\skip52
LaTeX Info: Redefining \setlength on input line 80.
LaTeX Info: Redefining \addtolength on input line 81.
\calc@Ccount=\count178
\calc@Cskip=\skip53
) (./doxygen.sty
Package: doxygen 

(/usr/share/texlive/texmf-dist/tex/latex/base/alltt.sty
Package: alltt 1997/06/16 v2.0g defines alltt environment
)
(/usr/share/texlive/texmf-dist/tex/latex/float/float.sty
Package: float 2001/11/08 v1.3d Float enhancements (AL)
\c@float@type=\count179
\float@exts=\toks15
\float@box=\box45
\@float@everytoks=\toks16
\@floatcapt=\box46
)
(/usr/share/texlive/texmf-dist/tex/latex/tools/verbatim.sty
Package: verbatim 2019/11/10 v1.5r LaTeX2e package for verbatim enhancements
\every@verbatim=\toks17
\verbatim@line=\toks18
\verbatim@in@stream=\read2
)
(/usr/share/texlive/texmf-dist/tex/latex/xcolor/xcolor.sty
Package: xcolor 2016/05/11 v2.12 LaTeX color extensions (UK)

(/usr/share/texlive/texmf-dist/tex/latex/graphics-cfg/color.cfg
File: color.cfg 2016/01/02 v1.6 sample color configuration
)
Package xcolor Info: Driver file: pdftex.def on input line 225.

(/usr/share/texlive/texmf-dist/tex/latex/graphics-def/pdftex.def
File: pdftex.def 2018/01/08 v1.0l Graphics/color driver for pdftex
)
(/usr/share/texlive/texmf-dist/tex/latex/colortbl/colortbl.sty
Package: colortbl 2020/01/04 v1.0e Color table columns (DPC)
\everycr=\toks19
\minrowclearance=\skip54
)
\rownum=\count180
Package xcolor Info: Model `cmy' substituted by `cmy0' on input line 1348.
Package xcolor Info: Model `hsb' substituted by `rgb' on input line 1352.
Package xcolor Info: Model `RGB' extended on input line 1364.
Package xcolor Info: Model `HTML' substituted by `rgb' on input line 1366.
Package xcolor Info: Model `Hsb' substituted by `hsb' on input line 1367.
Package xcolor Info: Model `tHsb' substituted by `hsb' on input line 1368.
Package xcolor Info: Model `HSB' substituted by `hsb' on input line 1369.
Package xcolor Info: Model `Gray' substituted by `gray' on input line 1370.
Package xcolor Info: Model `wave' substituted by `hsb' on input line 1371.
)
(./longtable_doxygen.sty
Package: longtable_doxygen 2014/10/28 v4.11 Multi-page Table package (DPC) - fr
ozen version for doxygen
\LTleft=\skip55
\LTright=\skip56
\LTpre=\skip57
\LTpost=\skip58
\LTchunksize=\count181
\LTcapwidth=\dimen139
\LT@head=\box47
\LT@firsthead=\box48
\LT@foot=\box49
\LT@lastfoot=\box50
\LT@cols=\count182
\LT@rows=\count183
\c@LT@tables=\count184
\c@LT@chunks=\count185
\LT@p@ftn=\toks20
) (./tabu_doxygen.sty
Package: tabu_doxygen 2011/02/26 v2.8 - flexible LaTeX tabulars (FC), frozen ve
rsion for doxygen

(/usr/share/texlive/texmf-dist/tex/latex/varwidth/varwidth.sty
Package: varwidth 2009/03/30 ver 0.92;  Variable-width minipages
\@vwid@box=\box51
\sift@deathcycles=\count186
\@vwid@loff=\dimen140
\@vwid@roff=\dimen141
)
\c@taburow=\count187
\tabu@nbcols=\count188
\tabu@cnt=\count189
\tabu@Xcol=\count190
\tabu@alloc=\count191
\tabu@nested=\count192
\tabu@target=\dimen142
\tabu@spreadtarget=\dimen143
\tabu@naturalX=\dimen144
\tabucolX=\dimen145
\tabu@Xsum=\dimen146
\extrarowdepth=\dimen147
\abovetabulinesep=\dimen148
\belowtabulinesep=\dimen149
\tabustrutrule=\dimen150
\tabu@thebody=\toks21
\tabu@footnotes=\toks22
\tabu@box=\box52
\tabu@arstrutbox=\box53
\tabu@hleads=\box54
\tabu@vleads=\box55
\tabu@cellskip=\skip59
)
(/usr/share/texlive/texmf-dist/tex/latex/fancyvrb/fancyvrb.sty
Package: fancyvrb 2020/01/13 v3.5 verbatim text (tvz,hv)

(/usr/share/texlive/texmf-dist/tex/latex/graphics/keyval.sty
Package: keyval 2014/10/28 v1.15 key=value parser (DPC)
\KV@toks@=\toks23
)
\FV@CodeLineNo=\count193
\FV@InFile=\read3
\FV@TabBox=\box56
\c@FancyVerbLine=\count194
\FV@StepNumber=\count195
\FV@OutFile=\write3
)
(/usr/share/texlive/texmf-dist/tex/latex/tools/tabularx.sty
Package: tabularx 2020/01/15 v2.11c `tabularx' package (DPC)
\TX@col@width=\dimen151
\TX@old@table=\dimen152
\TX@old@col=\dimen153
\TX@target=\dimen154
\TX@delta=\dimen155
\TX@cols=\count196
\TX@ftn=\toks24
)
(/usr/share/texlive/texmf-dist/tex/latex/multirow/multirow.sty
Package: multirow 2019/05/31 v2.5 Span multiple rows of a table
\multirow@colwidth=\skip60
\multirow@cntb=\count197
\multirow@dima=\skip61
\bigstrutjot=\dimen156
)
(/usr/share/texlive/texmf-dist/tex/latex/hanging/hanging.sty
Package: hanging 2009/09/02 v1.2b hanging paragraphs and punctuation
\h@ngcommawd=\skip62
\h@ngfstopwd=\skip63
\h@ngquotewd=\skip64
\h@ngdquotewd=\skip65
\h@ngquerywd=\skip66
\h@ngexclwd=\skip67
\h@ngcolonwd=\skip68
\h@ngscolonwd=\skip69
)
(/usr/share/texlive/texmf-dist/tex/generic/iftex/ifpdf.sty
Package: ifpdf 2019/10/25 v3.4 ifpdf legacy package. Use iftex instead.

(/usr/share/texlive/texmf-dist/tex/generic/iftex/iftex.sty
Package: iftex 2019/11/07 v1.0c TeX engine tests
))
(/usr/share/texlive/texmf-dist/tex/latex/adjustbox/adjustbox.sty
Package: adjustbox 2019/01/04 v1.2 Adjusting TeX boxes (trim, clip, ...)

(/usr/share/texlive/texmf-dist/tex/latex/xkeyval/xkeyval.sty
Package: xkeyval 2014/12/03 v2.7a package option processing (HA)

(/usr/share/texlive/texmf-dist/tex/generic/xkeyval/xkeyval.tex
(/usr/share/texlive/texmf-dist/tex/generic/xkeyval/xkvutils.tex
\XKV@toks=\toks25
\XKV@tempa@toks=\toks26
)
\XKV@depth=\count198
File: xkeyval.tex 2014/12/03 v2.7a key=value parser (HA)
))
(/usr/share/texlive/texmf-dist/tex/latex/adjustbox/adjcalc.sty
Package: adjcalc 2012/05/16 v1.1 Provides advanced setlength with multiple back
-ends (calc, etex, pgfmath)
)
(/usr/share/texlive/texmf-dist/tex/latex/adjustbox/trimclip.sty
Package: trimclip 2018/04/08 v1.1 Trim and clip general TeX material

(/usr/share/texlive/texmf-dist/tex/latex/graphics/graphicx.sty
Package: graphicx 2019/11/30 v1.2a Enhanced LaTeX Graphics (DPC,SPQR)

(/usr/share/texlive/texmf-dist/tex/latex/graphics/graphics.sty
Package: graphics 2019/11/30 v1.4a Standard LaTeX Graphics (DPC,SPQR)

(/usr/share/texlive/texmf-dist/tex/latex/graphics/trig.sty
Package: trig 2016/01/03 v1.10 sin cos tan (DPC)
)
(/usr/share/texlive/texmf-dist/tex/latex/graphics-cfg/graphics.cfg
File: graphics.cfg 2016/06/04 v1.11 sample graphics configuration
)
Package graphics Info: Driver file: pdftex.def on input line 105.
)
\Gin@req@height=\dimen157
\Gin@req@width=\dimen158
)
(/usr/share/texlive/texmf-dist/tex/latex/collectbox/collectbox.sty
Package: collectbox 2012/05/17 v0.4b Collect macro arguments as boxes
\collectedbox=\box57
)
\tc@llx=\dimen159
\tc@lly=\dimen160
\tc@urx=\dimen161
\tc@ury=\dimen162
Package trimclip Info: Using driver 'tc-pdftex.def'.

(/usr/share/texlive/texmf-dist/tex/latex/adjustbox/tc-pdftex.def
File: tc-pdftex.def 2019/01/04 v2.2 Clipping driver for pdftex
))
\adjbox@Width=\dimen163
\adjbox@Height=\dimen164
\adjbox@Depth=\dimen165
\adjbox@Totalheight=\dimen166
\adjbox@pwidth=\dimen167
\adjbox@pheight=\dimen168
\adjbox@pdepth=\dimen169
\adjbox@ptotalheight=\dimen170

(/usr/share/texlive/texmf-dist/tex/latex/ifoddpage/ifoddpage.sty
Package: ifoddpage 2016/04/23 v1.1 Conditionals for odd/even page detection
\c@checkoddpage=\count199
))
(/usr/share/texlive/texmf-dist/tex/latex/amsfonts/amssymb.sty
Package: amssymb 2013/01/14 v3.01 AMS font symbols

(/usr/share/texlive/texmf-dist/tex/latex/amsfonts/amsfonts.sty
Package: amsfonts 2013/01/14 v3.01 Basic AMSFonts support
\@emptytoks=\toks27
\symAMSa=\mathgroup4
\symAMSb=\mathgroup5
LaTeX Font Info:    Redeclaring math symbol \hbar on input line 98.
LaTeX Font Info:    Overwriting math alphabet `\mathfrak' in version `bold'
(Font)                  U/euf/m/n --> U/euf/b/n on input line 106.
))
(/usr/share/texlive/texmf-dist/tex/latex/stackengine/stackengine.sty
Package: stackengine 2017/02/13 v4.01\ Stacking text and objects in convenient 
ways

(/usr/share/texlive/texmf-dist/tex/latex/etoolbox/etoolbox.sty
Package: etoolbox 2019/09/21 v2.5h e-TeX tools for LaTeX (JAW)
\etb@tempcnta=\count266
)
(/usr/share/texlive/texmf-dist/tex/generic/listofitems/listofitems.sty
(/usr/share/texlive/texmf-dist/tex/generic/listofitems/listofitems.tex
\loi_cnt_foreach_nest=\count267
\loi_nestcnt=\count268
)
Package: listofitems 2019/08/21 v1.63 Grab items in lists using user-specified 
sep char (CT)
)
\c@@stackindex=\count269
\@boxshift=\skip70
\stack@tmplength=\skip71
\temp@stkl=\skip72
\@stackedboxwidth=\skip73
\@addedbox=\box58
\@anchorbox=\box59
\stackedbox=\box60
\@centerbox=\box61
\c@ROWcellindex@=\count270
)
(/usr/share/texlive/texmf-dist/tex/generic/ulem/ulem.sty
\UL@box=\box62
\UL@hyphenbox=\box63
\UL@skip=\skip74
\UL@hook=\toks28
\UL@height=\dimen171
\UL@pe=\count271
\UL@pixel=\dimen172
\ULC@box=\box64
Package: ulem 2019/11/18
\ULdepth=\dimen173
)
\xrefbox=\box65
\xreflength=\skip75
\CodeWidthChar=\skip76
\CodeHeightChar=\skip77
\DoxyCodeWidth=\skip78
)
(/usr/share/texlive/texmf-dist/tex/latex/base/inputenc.sty
Package: inputenc 2018/08/11 v1.3c Input encoding file
\inpenc@prehook=\toks29
\inpenc@posthook=\toks30
)
(/usr/share/texlive/texmf-dist/tex/latex/base/makeidx.sty
Package: makeidx 2014/09/29 v1.0m Standard LaTeX package
)
(/usr/share/texlive/texmf-dist/tex/latex/tools/multicol.sty
Package: multicol 2019/12/09 v1.8y multicolumn formatting (FMi)
\c@tracingmulticols=\count272
\mult@box=\box66
\multicol@leftmargin=\dimen174
\c@unbalance=\count273
\c@collectmore=\count274
\doublecol@number=\count275
\multicoltolerance=\count276
\multicolpretolerance=\count277
\full@width=\dimen175
\page@free=\dimen176
\premulticols=\dimen177
\postmulticols=\dimen178
\multicolsep=\skip79
\multicolbaselineskip=\skip80
\partial@page=\box67
\last@line=\box68
\maxbalancingoverflow=\dimen179
\mult@rightbox=\box69
\mult@grightbox=\box70
\mult@gfirstbox=\box71
\mult@firstbox=\box72
\@tempa=\box73
\@tempa=\box74
\@tempa=\box75
\@tempa=\box76
\@tempa=\box77
\@tempa=\box78
\@tempa=\box79
\@tempa=\box80
\@tempa=\box81
\@tempa=\box82
\@tempa=\box83
\@tempa=\box84
\@tempa=\box85
\@tempa=\box86
\@tempa=\box87
\@tempa=\box88
\@tempa=\box89
\@tempa=\box90
\@tempa=\box91
\@tempa=\box92
\@tempa=\box93
\@tempa=\box94
\@tempa=\box95
\@tempa=\box96
\@tempa=\box97
\@tempa=\box98
\@tempa=\box99
\@tempa=\box100
\@tempa=\box101
\@tempa=\box102
\@tempa=\box103
\@tempa=\box104
\@tempa=\box105
\@tempa=\box106
\@tempa=\box107
\@tempa=\box108
\@tempa=\box109
\c@minrows=\count278
\c@columnbadness=\count279
\c@finalcolumnbadness=\count280
\last@try=\dimen180
\multicolovershoot=\dimen181
\multicolundershoot=\dimen182
\mult@nat@firstbox=\box110
\colbreak@box=\box111
\mc@col@check@num=\count281
)
(/usr/share/texlive/texmf-dist/tex/latex/base/textcomp.sty
Package: textcomp 2020/02/02 v2.0n Standard LaTeX package
)
(/usr/share/texlive/texmf-dist/tex/latex/wasysym/wasysym.sty
Package: wasysym 2020/01/19 v2.4 Wasy-2 symbol support package
\symwasy=\mathgroup6
LaTeX Font Info:    Overwriting symbol font `wasy' in version `bold'
(Font)                  U/wasy/m/n --> U/wasy/b/n on input line 93.
)
(/usr/share/texlive/texmf-dist/tex/generic/iftex/ifxetex.sty
Package: ifxetex 2019/10/25 v0.7 ifxetex legacy package. Use iftex instead.
)
(/usr/share/texlive/texmf-dist/tex/latex/base/fontenc.sty
Package: fontenc 2020/02/11 v2.0o Standard LaTeX package
)
(/usr/share/texlive/texmf-dist/tex/latex/psnfss/helvet.sty
Package: helvet 2005/04/12 PSNFSS-v9.2a (WaS) 
)
(/usr/share/texlive/texmf-dist/tex/latex/psnfss/courier.sty
Package: courier 2005/04/12 PSNFSS-v9.2a (WaS) 
)
(/usr/share/texlive/texmf-dist/tex/latex/sectsty/sectsty.sty
Package: sectsty 2002/02/25 v2.0.2 Commands to change all sectional heading sty
les


LaTeX Warning: Command \underbar  has changed.
               Check if current package is valid.


LaTeX Warning: Command \underline  has changed.
               Check if current package is valid.

) (/usr/share/texlive/texmf-dist/tex/latex/geometry/geometry.sty
Package: geometry 2020/01/02 v5.9 Page Geometry

(/usr/share/texlive/texmf-dist/tex/generic/iftex/ifvtex.sty
Package: ifvtex 2019/10/25 v1.7 ifvtex legacy package. Use iftex instead.
)
\Gm@cnth=\count282
\Gm@cntv=\count283
\c@Gm@tempcnt=\count284
\Gm@bindingoffset=\dimen183
\Gm@wd@mp=\dimen184
\Gm@odd@mp=\dimen185
\Gm@even@mp=\dimen186
\Gm@layoutwidth=\dimen187
\Gm@layoutheight=\dimen188
\Gm@layouthoffset=\dimen189
\Gm@layoutvoffset=\dimen190
\Gm@dimlist=\toks31
)
(/usr/share/texlive/texmf-dist/tex/latex/fancyhdr/fancyhdr.sty
Package: fancyhdr 2019/01/31 v3.10 Extensive control of page headers and footer
s
\f@nch@headwidth=\skip81
\f@nch@O@elh=\skip82
\f@nch@O@erh=\skip83
\f@nch@O@olh=\skip84
\f@nch@O@orh=\skip85
\f@nch@O@elf=\skip86
\f@nch@O@erf=\skip87
\f@nch@O@olf=\skip88
\f@nch@O@orf=\skip89
)
(/usr/share/texlive/texmf-dist/tex/latex/natbib/natbib.sty
Package: natbib 2010/09/13 8.31b (PWD, AO)
\bibhang=\skip90
\bibsep=\skip91
LaTeX Info: Redefining \cite on input line 694.
\c@NAT@ctr=\count285
)
(/usr/share/texlive/texmf-dist/tex/latex/tocloft/tocloft.sty
Package: tocloft 2017/08/31 v2.3i parameterised ToC, etc., typesetting
Package tocloft Info: The document has chapter divisions on input line 51.
\cftparskip=\skip92
\cftbeforetoctitleskip=\skip93
\cftaftertoctitleskip=\skip94
\cftbeforepartskip=\skip95
\cftpartnumwidth=\skip96
\cftpartindent=\skip97
\cftbeforechapskip=\skip98
\cftchapindent=\skip99
\cftchapnumwidth=\skip100
\cftbeforesecskip=\skip101
\cftsecindent=\skip102
\cftsecnumwidth=\skip103
\cftbeforesubsecskip=\skip104
\cftsubsecindent=\skip105
\cftsubsecnumwidth=\skip106
\cftbeforesubsubsecskip=\skip107
\cftsubsubsecindent=\skip108
\cftsubsubsecnumwidth=\skip109
\cftbeforeparaskip=\skip110
\cftparaindent=\skip111
\cftparanumwidth=\skip112
\cftbeforesubparaskip=\skip113
\cftsubparaindent=\skip114
\cftsubparanumwidth=\skip115
\cftbeforeloftitleskip=\skip116
\cftafterloftitleskip=\skip117
\cftbeforefigskip=\skip118
\cftfigindent=\skip119
\cftfignumwidth=\skip120
\c@lofdepth=\count286
\c@lotdepth=\count287
\cftbeforelottitleskip=\skip121
\cftafterlottitleskip=\skip122
\cftbeforetabskip=\skip123
\cfttabindent=\skip124
\cfttabnumwidth=\skip125
)
\@indexfile=\write4
\openout4 = `refman.idx'.


Writing index file refman.idx
(/usr/share/texlive/texmf-dist/tex/latex/newunicodechar/newunicodechar.sty
Package: newunicodechar 2018/04/08 v1.2 Defining Unicode characters
)

Package newunicodechar Warning: Redefining Unicode character on input line 116.



Package newunicodechar Warning: Redefining Unicode character on input line 117.


(/usr/share/texlive/texmf-dist/tex/latex/caption/caption.sty
Package: caption 2020/01/03 v3.4h Customizing captions (AR)

(/usr/share/texlive/texmf-dist/tex/latex/caption/caption3.sty
Package: caption3 2020/01/03 v1.8h caption3 kernel (AR)
Package caption3 Info: TeX engine: e-TeX on input line 61.
\captionmargin=\dimen191
\captionmargin@=\dimen192
\captionwidth=\dimen193
\caption@tempdima=\dimen194
\caption@indent=\dimen195
\caption@parindent=\dimen196
\caption@hangindent=\dimen197
Package caption Info: Standard document class detected.
)
\c@caption@flags=\count288
\c@continuedfloat=\count289
Package caption Info: float package is loaded.
Package caption Info: longtable package is loaded.

(/usr/share/texlive/texmf-dist/tex/latex/caption/ltcaption.sty
Package: ltcaption 2018/08/26 v1.4a longtable captions (AR)
))
(/usr/share/texlive/texmf-dist/tex/latex/etoc/etoc.sty
Package: etoc 2019/11/17 v1.09b Completely customisable TOCs (JFB)
\Etoc@toctoks=\toks32
\c@etoc@tocid=\count290
\c@etoc@tocdepth=\count291
\etoc@framed@titlebox=\box112
\etoc@framed@contentsbox=\box113
)
(/usr/share/texlive/texmf-dist/tex/latex/l3backend/l3backend-pdfmode.def
File: l3backend-pdfmode.def 2020-02-03 L3 backend support: PDF mode
\l__kernel_color_stack_int=\count292
\l__pdf_internal_box=\box114
)
(./refman.aux)
\openout1 = `refman.aux'.

LaTeX Font Info:    Checking defaults for OML/cmm/m/it on input line 132.
LaTeX Font Info:    ... okay on input line 132.
LaTeX Font Info:    Checking defaults for OMS/cmsy/m/n on input line 132.
LaTeX Font Info:    ... okay on input line 132.
LaTeX Font Info:    Checking defaults for OT1/cmr/m/n on input line 132.
LaTeX Font Info:    ... okay on input line 132.
LaTeX Font Info:    Checking defaults for T1/cmr/m/n on input line 132.
LaTeX Font Info:    ... okay on input line 132.
LaTeX Font Info:    Checking defaults for TS1/cmr/m/n on input line 132.
LaTeX Font Info:    ... okay on input line 132.
LaTeX Font Info:    Checking defaults for OMX/cmex/m/n on input line 132.
LaTeX Font Info:    ... okay on input line 132.
LaTeX Font Info:    Checking defaults for U/cmr/m/n on input line 132.
LaTeX Font Info:    ... okay on input line 132.
LaTeX Font Info:    Trying to load font information for T1+phv on input line 13
2.
 (/usr/share/texlive/texmf-dist/tex/latex/psnfss/t1phv.fd
File: t1phv.fd 2001/06/04 scalable font definitions for T1/phv.
)
LaTeX Font Info:    Font shape `T1/phv/m/n' will be
(Font)              scaled to size 8.99994pt on input line 132.

(/usr/share/texlive/texmf-dist/tex/context/base/mkii/supp-pdf.mkii
[Loading MPS to PDF converter (version 2006.09.02).]
\scratchcounter=\count293
\scratchdimen=\dimen198
\scratchbox=\box115
\nofMPsegments=\count294
\nofMParguments=\count295
\everyMPshowfont=\toks33
\MPscratchCnt=\count296
\MPscratchDim=\dimen199
\MPnumerator=\count297
\makeMPintoPDFobject=\count298
\everyMPtoPDFconversion=\toks34
) (/usr/share/texlive/texmf-dist/tex/latex/epstopdf-pkg/epstopdf-base.sty
Package: epstopdf-base 2020-01-24 v2.11 Base part for package epstopdf
Package epstopdf-base Info: Redefining graphics rule for `.eps' on input line 4
85.

(/usr/share/texlive/texmf-dist/tex/latex/latexconfig/epstopdf-sys.cfg
File: epstopdf-sys.cfg 2010/07/13 v1.3 Configuration of (r)epstopdf for TeX Liv
e
))
*geometry* driver: auto-detecting
*geometry* detected driver: pdftex
*geometry* verbose mode - [ preamble ] result:
* driver: pdftex
* paper: a4paper
* layout: <same size as paper>
* layoutoffset:(h,v)=(0.0pt,0.0pt)
* modes: twoside 
* h-part:(L,W,R)=(71.13188pt, 455.24411pt, 71.13188pt)
* v-part:(T,H,B)=(71.13188pt, 702.78308pt, 71.13188pt)
* \paperwidth=597.50787pt
* \paperheight=845.04684pt
* \textwidth=455.24411pt
* \textheight=702.78308pt
* \oddsidemargin=-1.1381pt
* \evensidemargin=-1.1381pt
* \topmargin=-31.2056pt
* \headheight=12.0pt
* \headsep=18.06749pt
* \topskip=10.0pt
* \footskip=25.29494pt
* \marginparwidth=125.0pt
* \marginparsep=7.0pt
* \columnsep=10.0pt
* \skip\footins=9.0pt plus 4.0pt minus 2.0pt
* \hoffset=0.0pt
* \voffset=0.0pt
* \mag=1000
* \@twocolumnfalse
* \@twosidetrue
* \@mparswitchtrue
* \@reversemarginfalse
* (1in=72.27pt=25.4mm, 1cm=28.453pt)

Package caption Info: Begin \AtBeginDocument code.
Package caption Info: End \AtBeginDocument code.
\Etoc@tf=\read4
LaTeX Font Info:    Font shape `T1/phv/m/n' will be
(Font)              scaled to size 12.9599pt on input line 139.
LaTeX Font Info:    Font shape `T1/phv/m/n' will be
(Font)              scaled to size 10.79993pt on input line 139.
[1


{/var/lib/texmf/fonts/map/pdftex/updmap/pdftex.map}] [2

]
\tf@toc=\write5
\openout5 = `refman.toc'.

LaTeX Font Info:    Font shape `T1/phv/b/n' will be
(Font)              scaled to size 8.99994pt on input line 147.
LaTeX Font Info:    Trying to load font information for U+msa on input line 147
.

(/usr/share/texlive/texmf-dist/tex/latex/amsfonts/umsa.fd
File: umsa.fd 2013/01/14 v3.01 AMS symbols A
)
LaTeX Font Info:    Trying to load font information for U+msb on input line 147
.

(/usr/share/texlive/texmf-dist/tex/latex/amsfonts/umsb.fd
File: umsb.fd 2013/01/14 v3.01 AMS symbols B
)
LaTeX Font Info:    Trying to load font information for U+wasy on input line 14
7.

(/usr/share/texlive/texmf-dist/tex/latex/wasysym/uwasy.fd
File: uwasy.fd 2020/01/19 v2.4 Wasy-2 symbol font definitions
)
LaTeX Font Info:    Font shape `T1/phv/m/n' will be
(Font)              scaled to size 6.29996pt on input line 147.
LaTeX Font Info:    Font shape `T1/phv/b/n' will be
(Font)              scaled to size 6.29996pt on input line 147.
 [1] [2] [3] [4]
Chapter 1.
LaTeX Font Info:    Font shape `T1/phv/m/n' will be
(Font)              scaled to size 18.66588pt on input line 151.
LaTeX Font Info:    Font shape `T1/phv/b/n' will be
(Font)              scaled to size 18.66588pt on input line 151.
LaTeX Font Info:    Font shape `T1/phv/bc/n' will be
(Font)              scaled to size 18.66588pt on input line 151.
LaTeX Font Info:    Font shape `T1/phv/m/n' will be
(Font)              scaled to size 22.39185pt on input line 151.
LaTeX Font Info:    Font shape `T1/phv/b/n' will be
(Font)              scaled to size 22.39185pt on input line 151.
LaTeX Font Info:    Font shape `T1/phv/bc/n' will be
(Font)              scaled to size 22.39185pt on input line 151.
(./namespaces.tex
LaTeX Font Info:    Font shape `T1/phv/b/n' will be
(Font)              scaled to size 12.9599pt on input line 1.
) [1


] [2

]
Chapter 2.
(./hierarchy.tex) [3] [4

]
Chapter 3.
(./annotated.tex) [5] [6

]
Chapter 4.
(./files.tex) [7] [8

]
Chapter 5.
(./namespacecom.tex
LaTeX Font Info:    Font shape `T1/phv/b/n' will be
(Font)              scaled to size 10.79993pt on input line 3.
LaTeX Font Info:    Trying to load font information for TS1+phv on input line 6
.
 (/usr/share/texlive/texmf-dist/tex/latex/psnfss/ts1phv.fd
File: ts1phv.fd 2001/06/04 scalable font definitions for TS1/phv.
)
LaTeX Font Info:    Font shape `TS1/phv/m/n' will be
(Font)              scaled to size 8.99994pt on input line 6.
) (./namespacecom_1_1mycompany.tex)
(./namespacecom_1_1mycompany_1_1coursework.tex
LaTeX Font Info:    Font shape `T1/phv/m/n' will be
(Font)              scaled to size 8.09995pt on input line 7.
LaTeX Font Info:    Font shape `T1/phv/m/it' in size <9> not available
(Font)              Font shape `T1/phv/m/sl' tried instead on input line 7.
LaTeX Font Info:    Font shape `T1/phv/m/sl' will be
(Font)              scaled to size 8.09995pt on input line 7.
LaTeX Font Info:    Font shape `T1/phv/m/it' in size <7> not available
(Font)              Font shape `T1/phv/m/sl' tried instead on input line 7.
LaTeX Font Info:    Font shape `T1/phv/m/sl' will be
(Font)              scaled to size 6.29996pt on input line 7.
LaTeX Font Info:    Font shape `T1/phv/b/it' in size <9> not available
(Font)              Font shape `T1/phv/b/sl' tried instead on input line 7.
LaTeX Font Info:    Font shape `T1/phv/b/sl' will be
(Font)              scaled to size 8.09995pt on input line 7.
) [9] [10

]
Chapter 6.
(./classcom_1_1mycompany_1_1coursework_1_1_app.tex <./classcom_1_1mycompany_1_1
coursework_1_1_app__inherit__graph.pdf

pdfTeX warning: pdflatex (file ./classcom_1_1mycompany_1_1coursework_1_1_app__i
nherit__graph.pdf): PDF inclusion: multiple pdfs with page group included in a 
single page
>
<classcom_1_1mycompany_1_1coursework_1_1_app__inherit__graph.pdf, id=58, 261.97
874pt x 156.585pt>
File: classcom_1_1mycompany_1_1coursework_1_1_app__inherit__graph.pdf Graphic f
ile (type pdf)
<use classcom_1_1mycompany_1_1coursework_1_1_app__inherit__graph.pdf>
Package pdftex.def Info: classcom_1_1mycompany_1_1coursework_1_1_app__inherit__
graph.pdf  used on input line 15.
(pdftex.def)             Requested size: 261.0pt x 156.004pt.
 <./classcom_1_1mycompany_1_1coursework_1_1_app__coll__graph.pdf

pdfTeX warning: pdflatex (file ./classcom_1_1mycompany_1_1coursework_1_1_app__c
oll__graph.pdf): PDF inclusion: multiple pdfs with page group included in a sin
gle page
>
<classcom_1_1mycompany_1_1coursework_1_1_app__coll__graph.pdf, id=66, 261.97874
pt x 156.585pt>
File: classcom_1_1mycompany_1_1coursework_1_1_app__coll__graph.pdf Graphic file
 (type pdf)
<use classcom_1_1mycompany_1_1coursework_1_1_app__coll__graph.pdf>
Package pdftex.def Info: classcom_1_1mycompany_1_1coursework_1_1_app__coll__gra
ph.pdf  used on input line 25.
(pdftex.def)             Requested size: 261.0pt x 156.004pt.
 [11]
LaTeX Font Info:    Font shape `T1/phv/m/n' will be
(Font)              scaled to size 7.19995pt on input line 48.
LaTeX Font Info:    Trying to load font information for T1+pcr on input line 48
.
 (/usr/share/texlive/texmf-dist/tex/latex/psnfss/t1pcr.fd
File: t1pcr.fd 2001/06/04 font definitions for T1/pcr.
)
LaTeX Font Info:    Font shape `T1/pcr/m/it' in size <8> not available
(Font)              Font shape `T1/pcr/m/sl' tried instead on input line 48.
)
(./classcom_1_1mycompany_1_1coursework_1_1_copy_file_controller.tex [12])
(./classcom_1_1mycompany_1_1coursework_1_1_create_file_controller.tex)
(./classcom_1_1mycompany_1_1coursework_1_1_db_connection.tex <./classcom_1_1myc
ompany_1_1coursework_1_1_db_connection__coll__graph.pdf

pdfTeX warning: pdflatex (file ./classcom_1_1mycompany_1_1coursework_1_1_db_con
nection__coll__graph.pdf): PDF inclusion: multiple pdfs with page group include
d in a single page
>
<classcom_1_1mycompany_1_1coursework_1_1_db_connection__coll__graph.pdf, id=84,
 242.9075pt x 189.70876pt>
File: classcom_1_1mycompany_1_1coursework_1_1_db_connection__coll__graph.pdf Gr
aphic file (type pdf)
<use classcom_1_1mycompany_1_1coursework_1_1_db_connection__coll__graph.pdf>
Package pdftex.def Info: classcom_1_1mycompany_1_1coursework_1_1_db_connection_
_coll__graph.pdf  used on input line 10.
(pdftex.def)             Requested size: 242.0pt x 188.99907pt.

Underfull \vbox (badness 10000) has occurred while \output is active []

 [13]
[14]
Underfull \hbox (badness 10000) detected at line 56
[][][]
 []


Underfull \hbox (badness 10000) detected at line 77
[][][]
 []

[15]
Underfull \hbox (badness 10000) detected at line 102
[][][]
 []

LaTeX Font Info:    Font shape `T1/pcr/m/it' in size <7> not available
(Font)              Font shape `T1/pcr/m/sl' tried instead on input line 116.

Underfull \hbox (badness 10000) detected at line 137
[][][]
 []

[16]
Underfull \hbox (badness 10000) detected at line 180
[][][]
 []


Underfull \hbox (badness 10000) in paragraph at lines 187--188
\T1/pcr/m/n/8 Observable[]List$\OML/cmm/m/it/8 <$ \T1/pcr/b/n/8 User$\OML/cmm/m
/it/8 >$ \T1/pcr/m/n/8 com.[]mycompany.[]coursework.[]Db[]Connection.[]get[]Err
ors[]From[]Table ( ) throws
 []


Underfull \hbox (badness 10000) detected at line 199
[][][]
 []

[17]
Underfull \hbox (badness 10000) detected at line 222
[][][]
 []


Underfull \hbox (badness 10000) detected at line 252
[][][]
 []

[18]
Underfull \hbox (badness 10000) detected at line 275
[][][]
 []

[19]
Underfull \hbox (badness 10000) detected at line 304
[][][]
 []


Underfull \hbox (badness 10000) detected at line 327
[][][]
 []


Underfull \vbox (badness 10000) has occurred while \output is active []

 [20]
Underfull \hbox (badness 10000) detected at line 358
[][][]
 []


Underfull \hbox (badness 10000) detected at line 392
[][][]
 []

) (./classcom_1_1mycompany_1_1coursework_1_1_delete_file_controller.tex
[21]) (./classcom_1_1mycompany_1_1coursework_1_1_download_file_controller.tex)
(./classcom_1_1mycompany_1_1coursework_1_1_file_management.tex <./classcom_1_1m
ycompany_1_1coursework_1_1_file_management__coll__graph.pdf

pdfTeX warning: pdflatex (file ./classcom_1_1mycompany_1_1coursework_1_1_file_m
anagement__coll__graph.pdf): PDF inclusion: multiple pdfs with page group inclu
ded in a single page
>
<classcom_1_1mycompany_1_1coursework_1_1_file_management__coll__graph.pdf, id=1
26, 242.9075pt x 268.00125pt>
File: classcom_1_1mycompany_1_1coursework_1_1_file_management__coll__graph.pdf 
Graphic file (type pdf)
<use classcom_1_1mycompany_1_1coursework_1_1_file_management__coll__graph.pdf>
Package pdftex.def Info: classcom_1_1mycompany_1_1coursework_1_1_file_managemen
t__coll__graph.pdf  used on input line 10.
(pdftex.def)             Requested size: 242.0pt x 266.99867pt.
 [22] [23] [24] [25]
Underfull \hbox (badness 10000) detected at line 175
[][][]
 []


Underfull \vbox (badness 10000) has occurred while \output is active []

 [26]
Underfull \hbox (badness 10000) detected at line 200
[][][]
 []

[27] [28]) (./classcom_1_1mycompany_1_1coursework_1_1_move_file_controller.tex)
(./classcom_1_1mycompany_1_1coursework_1_1_primary_controller.tex)
(./classcom_1_1mycompany_1_1coursework_1_1_register_controller.tex
Underfull \hbox (badness 10000) detected at line 13
[][][]
 []

) (./classcom_1_1mycompany_1_1coursework_1_1_rename_file_controller.tex
[29]) (./classcom_1_1mycompany_1_1coursework_1_1_restore_file_controller.tex)
(./classcom_1_1mycompany_1_1coursework_1_1_secondary_controller.tex [30])
(./classcom_1_1mycompany_1_1coursework_1_1_user_management_1_1_session_manager.
tex [31]) (./classcom_1_1mycompany_1_1coursework_1_1_share_file_controller.tex)
(./classcom_1_1mycompany_1_1coursework_1_1_update_user_controller.tex [32])
(./classcom_1_1mycompany_1_1coursework_1_1_upload_files_controller.tex)
(./classcom_1_1mycompany_1_1coursework_1_1_user.tex [33]
Underfull \hbox (badness 10000) detected at line 37
[][][]
 []

[34] [35]) (./classcom_1_1mycompany_1_1coursework_1_1_user_list_controller.tex)
(./classcom_1_1mycompany_1_1coursework_1_1_user_management.tex [36]
Underfull \hbox (badness 10000) detected at line 26
[][][]
 []

[37] [38]
Underfull \hbox (badness 10000) detected at line 64
[][][]
 []


Underfull \hbox (badness 10000) detected at line 82
[][][]
 []


Underfull \hbox (badness 10000) in paragraph at lines 96--97
|  \T1/pcr/m/n/8 String \T1/pcr/m/sl/8 is[]Logged[]In \T1/pcr/m/n/8 ) throws In
valid[]Key[]Spec[]Exception, S[]Q[]L[]Exception, Class[]Not[]Found[]
 []

[39]
Underfull \hbox (badness 10000) detected at line 121
[][][]
 []


Underfull \hbox (badness 10000) in paragraph at lines 137--138
|  \T1/pcr/m/n/8 String \T1/pcr/m/sl/8 password \T1/pcr/m/n/8 ) throws Invalid[
]Key[]Spec[]Exception, S[]Q[]L[]Exception, Class[]Not[]Found[]
 []

[40]) (./classcom_1_1mycompany_1_1coursework_1_1_view_logs_controller.tex)
[41] [42]
Chapter 7.
(./_app_8java.tex) (./_copy_file_controller_8java.tex)
(./_create_file_controller_8java.tex) (./_db_connection_8java.tex [43

])
(./_delete_file_controller_8java.tex) (./_download_file_controller_8java.tex)
(./_file_management_8java.tex) (./_move_file_controller_8java.tex [44])
(./_primary_controller_8java.tex) (./_register_controller_8java.tex)
(./_rename_file_controller_8java.tex) (./_restore_file_controller_8java.tex
[45]) (./_secondary_controller_8java.tex) (./_share_file_controller_8java.tex)
(./_test_8java.tex) (./_update_user_controller_8java.tex [46])
(./_upload_files_controller_8java.tex) (./_user_8java.tex)
(./_user_list_controller_8java.tex) (./_user_management_8java.tex [47])
(./_view_logs_controller_8java.tex) [48] (./refman.ind
Underfull \hbox (badness 10000) in paragraph at lines 42--43
[]\T1/phv/m/n/10 com.mycompany.coursework.DownloadFileController,
 []


Overfull \hbox (39.14758pt too wide) in paragraph at lines 97--98
[]\T1/phv/m/n/10 com.mycompany.coursework.UserManagement.SessionManager,
 []

[49



]
Underfull \hbox (badness 10000) in paragraph at lines 110--111
[]| \T1/phv/m/n/10 com.mycompany.coursework.UserManagement,
 []


Underfull \hbox (badness 10000) in paragraph at lines 117--118
[]| \T1/phv/m/n/10 com.mycompany.coursework.UserManagement,
 []


Underfull \hbox (badness 10000) in paragraph at lines 156--157
[]| \T1/phv/m/n/10 com.mycompany.coursework.CopyFileController,
 []


Underfull \hbox (badness 10000) in paragraph at lines 157--158
[]| \T1/phv/m/n/10 com.mycompany.coursework.CreateFileController,
 []


Underfull \hbox (badness 10000) in paragraph at lines 158--159
[]| \T1/phv/m/n/10 com.mycompany.coursework.DeleteFileController,
 []


Underfull \hbox (badness 10000) in paragraph at lines 160--161
[]| \T1/phv/m/n/10 com.mycompany.coursework.MoveFileController,
 []


Underfull \hbox (badness 10000) in paragraph at lines 163--164
[]| \T1/phv/m/n/10 com.mycompany.coursework.SecondaryController,
 []


Underfull \hbox (badness 10000) in paragraph at lines 164--165
[]| \T1/phv/m/n/10 com.mycompany.coursework.ShareFileController,
 []


Underfull \hbox (badness 10000) in paragraph at lines 167--168
[]| \T1/phv/m/n/10 com.mycompany.coursework.UserListController,
 []


Underfull \hbox (badness 10000) in paragraph at lines 168--169
[]| \T1/phv/m/n/10 com.mycompany.coursework.ViewLogsController,
 []


Overfull \hbox (59.14758pt too wide) in paragraph at lines 172--174
[]| \T1/phv/m/n/10 com.mycompany.coursework.UserManagement.SessionManager,
 []


Overfull \hbox (59.14758pt too wide) in paragraph at lines 182--184
[]| \T1/phv/m/n/10 com.mycompany.coursework.UserManagement.SessionManager,
 []


Overfull \hbox (59.14758pt too wide) in paragraph at lines 187--189
[]| \T1/phv/m/n/10 com.mycompany.coursework.UserManagement.SessionManager,
 []


Overfull \hbox (59.14758pt too wide) in paragraph at lines 214--216
[]| \T1/phv/m/n/10 com.mycompany.coursework.UserManagement.SessionManager,
 []

[50]
Overfull \hbox (45.99644pt too wide) in paragraph at lines 233--235
[]\T1/phv/m/n/10 src/main/java/com/mycompany/coursework/CopyFileController.java
,
 []


Overfull \hbox (52.26915pt too wide) in paragraph at lines 235--237
[]\T1/phv/m/n/10 src/main/java/com/mycompany/coursework/CreateFileController.ja
va,
 []


Overfull \hbox (29.22972pt too wide) in paragraph at lines 237--238
[]\T1/phv/m/n/10 src/main/java/com/mycompany/coursework/DbConnection.java,
 []


Overfull \hbox (51.27017pt too wide) in paragraph at lines 238--240
[]\T1/phv/m/n/10 src/main/java/com/mycompany/coursework/DeleteFileController.ja
va,
 []


Overfull \hbox (65.1391pt too wide) in paragraph at lines 240--242
[]\T1/phv/m/n/10 src/main/java/com/mycompany/coursework/DownloadFileController.
java,
 []


Overfull \hbox (39.22852pt too wide) in paragraph at lines 242--244
[]\T1/phv/m/n/10 src/main/java/com/mycompany/coursework/FileManagement.java,
 []


Overfull \hbox (46.90544pt too wide) in paragraph at lines 244--246
[]\T1/phv/m/n/10 src/main/java/com/mycompany/coursework/MoveFileController.java
,
 []


Overfull \hbox (42.16223pt too wide) in paragraph at lines 246--248
[]\T1/phv/m/n/10 src/main/java/com/mycompany/coursework/PrimaryController.java,

 []


Overfull \hbox (44.26831pt too wide) in paragraph at lines 248--250
[]\T1/phv/m/n/10 src/main/java/com/mycompany/coursework/RegisterController.java
,
 []


Overfull \hbox (59.27113pt too wide) in paragraph at lines 250--252
[]\T1/phv/m/n/10 src/main/java/com/mycompany/coursework/RenameFileController.ja
va,
 []


Overfull \hbox (56.76912pt too wide) in paragraph at lines 252--254
[]\T1/phv/m/n/10 src/main/java/com/mycompany/coursework/RestoreFileController.j
ava,
 []


Overfull \hbox (54.05113pt too wide) in paragraph at lines 254--256
[]\T1/phv/m/n/10 src/main/java/com/mycompany/coursework/SecondaryController.jav
a,
 []


Overfull \hbox (49.27222pt too wide) in paragraph at lines 256--258
[]\T1/phv/m/n/10 src/main/java/com/mycompany/coursework/ShareFileController.jav
a,
 []


Underfull \hbox (badness 10000) in paragraph at lines 258--259
[]\T1/phv/m/n/10 src/main/java/com/mycompany/coursework/Test.java,
 []


Overfull \hbox (58.7761pt too wide) in paragraph at lines 259--261
[]\T1/phv/m/n/10 src/main/java/com/mycompany/coursework/UpdateUserController.ja
va,
 []


Overfull \hbox (58.27216pt too wide) in paragraph at lines 261--263
[]\T1/phv/m/n/10 src/main/java/com/mycompany/coursework/UploadFilesController.j
ava,
 []


Underfull \hbox (badness 10000) in paragraph at lines 263--264
[]\T1/phv/m/n/10 src/main/java/com/mycompany/coursework/User.java,
 []


Overfull \hbox (43.76437pt too wide) in paragraph at lines 264--266
[]\T1/phv/m/n/10 src/main/java/com/mycompany/coursework/UserListController.java
,
 []


Overfull \hbox (43.72849pt too wide) in paragraph at lines 266--268
[]\T1/phv/m/n/10 src/main/java/com/mycompany/coursework/UserManagement.java,
 []


Overfull \hbox (49.59631pt too wide) in paragraph at lines 268--270
[]\T1/phv/m/n/10 src/main/java/com/mycompany/coursework/ViewLogsController.java
,
 []


Underfull \hbox (badness 10000) in paragraph at lines 277--278
[]| \T1/phv/m/n/10 com.mycompany.coursework.UserManagement,
 []


Underfull \hbox (badness 10000) in paragraph at lines 281--282
[]| \T1/phv/m/n/10 com.mycompany.coursework.UserManagement,
 []


Underfull \hbox (badness 10000) in paragraph at lines 283--284
[]| \T1/phv/m/n/10 com.mycompany.coursework.UserManagement,
 []


Underfull \hbox (badness 10000) in paragraph at lines 285--286
[]| \T1/phv/m/n/10 com.mycompany.coursework.UserManagement,
 []

[51]) (./refman.aux) ) 
Here is how much of TeX's memory you used:
 9681 strings out of 481239
 150094 string characters out of 5920377
 434475 words of memory out of 5000000
 24640 multiletter control sequences out of 15000+600000
 593661 words of font info for 95 fonts, out of 8000000 for 9000
 1141 hyphenation exceptions out of 8191
 55i,16n,96p,938b,556s stack positions out of 5000i,500n,10000p,200000b,80000s
{/usr/share/texlive/texmf-dist/fonts/enc/dvips/base/8r.en
c}</usr/share/texlive/texmf-dist/fonts/type1/public/amsfonts/cm/cmmi10.pfb></us
r/share/texlive/texmf-dist/fonts/type1/public/amsfonts/cm/cmmi7.pfb></usr/share
/texlive/texmf-dist/fonts/type1/public/amsfonts/cm/cmmi8.pfb></usr/share/texliv
e/texmf-dist/fonts/type1/public/amsfonts/cm/cmsy7.pfb></usr/share/texlive/texmf
-dist/fonts/type1/urw/courier/ucrb8a.pfb></usr/share/texlive/texmf-dist/fonts/t
ype1/urw/courier/ucrr8a.pfb></usr/share/texlive/texmf-dist/fonts/type1/urw/cour
ier/ucrro8a.pfb></usr/share/texlive/texmf-dist/fonts/type1/urw/helvetic/uhvb8a.
pfb></usr/share/texlive/texmf-dist/fonts/type1/urw/helvetic/uhvb8ac.pfb></usr/s
hare/texlive/texmf-dist/fonts/type1/urw/helvetic/uhvbo8a.pfb></usr/share/texliv
e/texmf-dist/fonts/type1/urw/helvetic/uhvr8a.pfb></usr/share/texlive/texmf-dist
/fonts/type1/urw/helvetic/uhvro8a.pfb>
Output written on refman.pdf (57 pages, 183952 bytes).
PDF statistics:
 273 PDF objects out of 1000 (max. 8388607)
 185 compressed objects within 2 object streams
 0 named destinations out of 1000 (max. 500000)
 21 words of extra memory for PDF output out of 10000 (max. 10000000)

